<?xml version="1.0" encoding="UTF-8"?>
<testsuites name="Mocha Tests" time="4.938" tests="1" failures="0">
  <testsuite name="Root Suite" timestamp="2024-09-10T19:01:38" tests="0" file="cypress\e2e\secondTest.spec.js" time="0.000" failures="0">
  </testsuite>
  <testsuite name="Test log out" timestamp="2024-09-10T19:01:38" tests="1" time="4.927" failures="0">
    <testcase name="Test log out Verify user can log out successfully" time="4.844" classname="Verify user can log out successfully">
    </testcase>
  </testsuite>
</testsuites>