<?xml version="1.0" encoding="UTF-8"?>
<testsuites name="Mocha Tests" time="39.089" tests="5" failures="1">
  <testsuite name="Root Suite" timestamp="2024-09-10T19:00:57" tests="0" file="cypress\e2e\firstTest.spec.js" time="0.000" failures="0">
  </testsuite>
  <testsuite name="Test With Backend" timestamp="2024-09-10T19:00:57" tests="5" time="39.077" failures="1">
    <testcase name="Test With Backend first" time="3.999" classname="first">
    </testcase>
    <testcase name="Test With Backend Verify correct request and response" time="7.575" classname="Verify correct request and response">
      <failure message="expected 422 to equal 201" type="AssertionError"><![CDATA[AssertionError: expected 422 to equal 201
    at Context.eval (webpack://realworld-app/./cypress/e2e/firstTest.spec.js:27:41)

      + expected - actual

      -422
      +201
      ]]></failure>
    </testcase>
    <testcase name="Test With Backend verify popular tags are displayed" time="4.115" classname="verify popular tags are displayed">
    </testcase>
    <testcase name="Test With Backend verify global feeds likes count" time="4.367" classname="verify global feeds likes count">
    </testcase>
    <testcase name="Test With Backend delete a new article in a new feed" time="5.716" classname="delete a new article in a new feed">
    </testcase>
  </testsuite>
</testsuites>