<?xml version="1.0" encoding="UTF-8"?>
<testsuites name="Mocha Tests" time="38.507" tests="5" failures="1">
  <testsuite name="Root Suite" timestamp="2024-09-23T11:54:32" tests="0" file="cypress\e2e\firstTest.spec.js" time="0.000" failures="0">
  </testsuite>
  <testsuite name="Test With Backend" timestamp="2024-09-23T11:54:32" tests="5" time="38.494" failures="1">
    <testcase name="Test With Backend first" time="3.525" classname="first">
    </testcase>
    <testcase name="Test With Backend Verify correct request and response" time="6.901" classname="Verify correct request and response">
      <failure message="expected 422 to equal 201" type="AssertionError"><![CDATA[AssertionError: expected 422 to equal 201
    at Context.eval (webpack://realworld-app/./cypress/e2e/firstTest.spec.js:27:41)

      + expected - actual

      -422
      +201
      ]]></failure>
    </testcase>
    <testcase name="Test With Backend verify popular tags are displayed" time="5.125" classname="verify popular tags are displayed">
    </testcase>
    <testcase name="Test With Backend verify global feeds likes count" time="2.745" classname="verify global feeds likes count">
    </testcase>
    <testcase name="Test With Backend delete a new article in a new feed" time="8.134" classname="delete a new article in a new feed">
    </testcase>
  </testsuite>
</testsuites>