<?xml version="1.0" encoding="UTF-8"?>
<testsuites name="Mocha Tests" time="5.712" tests="1" failures="0">
  <testsuite name="Root Suite" timestamp="2024-09-24T11:07:12" tests="0" file="cypress\e2e\secondTest.spec.js" time="0.000" failures="0">
  </testsuite>
  <testsuite name="Test log out" timestamp="2024-09-24T11:07:12" tests="1" time="5.699" failures="0">
    <testcase name="Test log out Verify user can log out successfully" time="5.572" classname="Verify user can log out successfully">
    </testcase>
  </testsuite>
</testsuites>